vanite-ui/build/outputs/mapping/release/seeds.txt
io.vortex.android.ui.R$string: int close_sheet
io.vortex.android.ui.R$attr: int layout_constraintBottom_toBottomOf
io.vortex.android.ui.R$attr: int tabTextColor
io.vortex.android.ui.R$style: int TextAppearance_AppCompat_Medium_Inverse
io.vortex.android.ui.R$color: int material_dynamic_neutral99
io.vortex.android.ui.R$layout: int material_clock_period_toggle_land
io.vortex.android.ui.R$dimen: int abc_button_padding_horizontal_material
io.vortex.android.ui.R$dimen: int mtrl_calendar_maximum_default_fullscreen_minor_axis
io.vortex.android.ui.R$style: int Base_Widget_Material3_TabLayout_Secondary
io.vortex.android.ui.R$attr: int mock_diagonalsColor
io.vortex.android.ui.R$styleable: int Chip_chipStrokeWidth
io.vortex.android.ui.R$styleable: int Layout_layout_constraintHeight_default
io.vortex.android.ui.R$style: int Widget_Material3_Button_TextButton_Dialog_Flush
io.vortex.android.ui.R$drawable: int m3_tabs_line_indicator
io.vortex.android.ui.R$style: int Theme_AppCompat_DayNight
io.vortex.android.ui.R$dimen: int m3_btn_padding_left
io.vortex.android.ui.R$styleable: int ConstraintSet_deriveConstraintsFrom
io.vortex.android.ui.R$color: int m3_sys_color_dark_on_error_container
io.vortex.android.ui.R$attr: int duration
io.vortex.android.ui.R$dimen: int material_helper_text_font_1_3_padding_horizontal
io.vortex.android.ui.R$style: int Widget_Material3_TabLayout
io.vortex.android.ui.R$style: int Theme_Material3_Light_Dialog_Alert
io.vortex.android.ui.R$attr: int backgroundInsetTop
io.vortex.android.ui.R$attr: int touchAnchorSide
io.vortex.android.ui.R$styleable: int OnSwipe_dragDirection
io.vortex.android.ui.R$style: int ThemeOverlay_MaterialComponents_MaterialAlertDialog_Picker_Date
io.vortex.android.ui.R$style: int Base_TextAppearance_AppCompat_Widget_TextView_SpinnerItem
io.vortex.android.ui.R$dimen: int m3_btn_text_btn_padding_right
io.vortex.android.ui.R$dimen: int m3_sys_typescale_label_small_letter_spacing
io.vortex.android.ui.R$style: int Theme_MaterialComponents_Light
io.vortex.android.ui.R$attr: int itemShapeInsetTop
io.vortex.android.ui.R$attr: int textInputFilledDenseStyle
io.vortex.android.ui.R$styleable: int KeyPosition_motionTarget
io.vortex.android.ui.R$color: int m3_sys_color_dynamic_light_inverse_on_surface
io.vortex.android.ui.R$styleable: int ColorStateListItem_alpha
io.vortex.android.ui.R$attr: int motionDebug
io.vortex.android.ui.R$styleable: int ConstraintLayout_Layout_layout_editor_absoluteY
io.vortex.android.ui.R$attr: int actionButtonStyle
io.vortex.android.ui.R$color: int m3_sys_color_dynamic_light_primary_container
io.vortex.android.ui.R$dimen: int mtrl_calendar_header_divider_thickness
io.vortex.android.ui.R$styleable: int Constraint_android_translationX
io.vortex.android.ui.R$attr: int materialCalendarFullscreenTheme
io.vortex.android.ui.R$styleable: int CollapsingToolbarLayout_statusBarScrim
io.vortex.android.ui.R$style: int Widget_Material3_Button_Icon
io.vortex.android.ui.R$dimen: int design_fab_translation_z_hovered_focused
io.vortex.android.ui.R$attr: int tabIconTintMode
io.vortex.android.ui.R$drawable: int abc_ic_search_api_material
io.vortex.android.ui.R$attr: int layout_goneMarginLeft
io.vortex.android.ui.R$style: int Theme_Material3_DayNight_Dialog_MinWidth
io.vortex.android.ui.R$styleable: int AppCompatTextView_drawableLeftCompat
io.vortex.android.ui.R$attr: int tabMaxWidth
io.vortex.android.ui.R$attr: int overlay
io.vortex.android.ui.R$attr: int titleMarginEnd
io.vortex.android.ui.R$dimen: int m3_bottom_sheet_elevation
io.vortex.android.ui.R$styleable: int ConstraintLayout_Layout_layout_constraintCircleAngle
io.vortex.android.ui.R$styleable: int ConstraintLayout_Layout_android_paddingEnd
io.vortex.android.ui.R$attr: int tabIndicatorGravity
io.vortex.android.ui.R$dimen: int design_bottom_navigation_margin
io.vortex.android.ui.R$color: int m3_sys_color_light_primary
io.vortex.android.ui.R$color: int m3_selection_control_button_tint