vanite-ui/build/outputs/mapping/release/usage.txt
io.vortex.android.ui.BuildConfig
io.vortex.android.ui.VortexErrorType
io.vortex.android.ui.VortexLoadingStateView
io.vortex.android.ui.VortexMessageDelegation$showAlertDialog$2
io.vortex.android.ui.VortexMessageDelegation$showLongMessage$2
io.vortex.android.ui.VortexMessageDelegation$showLongMessage$4
io.vortex.android.ui.VortexMessageDelegation$showShortMessage$2
io.vortex.android.ui.VortexMessageDelegation$showShortMessage$4
io.vortex.android.ui.VortexMessageDelegation$showSnackbar$2
io.vortex.android.ui.VortexMessageDelegation$showSnackbarWithColor$2
io.vortex.android.ui.VortexMessageDelegation
io.vortex.android.ui.VortexViewImpl
io.vortex.android.ui.activity.VortexDirectScreen
io.vortex.android.ui.activity.VortexScreen$getExtra$2
io.vortex.android.ui.activity.VortexScreen$messageController$2
io.vortex.android.ui.activity.VortexScreen$startApplicationByPackageName$2
io.vortex.android.ui.activity.VortexScreen$startPhoneCall$2
io.vortex.android.ui.activity.VortexScreen$startScreen$2
io.vortex.android.ui.activity.VortexScreen$startScreen$3
io.vortex.android.ui.activity.VortexScreen$startScreenForResult$2
io.vortex.android.ui.activity.VortexScreen$startScreenForResult$3
io.vortex.android.ui.activity.VortexScreen
io.vortex.android.ui.dialog.VortexBottomDialog
io.vortex.android.ui.dialog.VortexDialog
io.vortex.android.ui.fragment.VortexBaseFragment$getExtra$2
io.vortex.android.ui.fragment.VortexBaseFragment$messageController$2
io.vortex.android.ui.fragment.VortexBaseFragment$startApplicationByPackageName$2
io.vortex.android.ui.fragment.VortexBaseFragment$startPhoneCall$2
io.vortex.android.ui.fragment.VortexBaseFragment$startScreen$2
io.vortex.android.ui.fragment.VortexBaseFragment$startScreen$3
io.vortex.android.ui.fragment.VortexBaseFragment$startScreenForResult$2
io.vortex.android.ui.fragment.VortexBaseFragment$startScreenForResult$3
io.vortex.android.ui.fragment.VortexBaseFragment
io.vortex.android.ui.fragment.VortexDirectFragment
io.vortex.android.ui.fragment.VortexFragment$onViewCreated$1$1
io.vortex.android.ui.fragment.VortexFragment$onViewCreated$2$1
io.vortex.android.ui.fragment.VortexFragment$showError$2$WhenMappings
io.vortex.android.ui.fragment.VortexFragment$showError$2
io.vortex.android.ui.fragment.VortexFragment
io.vortex.android.ui.fragment.VortexFragmentReadyState$onViewCreated$1$1
io.vortex.android.ui.fragment.VortexFragmentReadyState
io.vortex.android.ui.fragment.VortexIndirectStateFragment$onViewCreated$1$1
io.vortex.android.ui.fragment.VortexIndirectStateFragment
io.vortex.android.ui.fragment.VortexLceFragment
io.vortex.android.ui.fragment.VortexSingleStateFragment$onViewCreated$1$1
io.vortex.android.ui.fragment.VortexSingleStateFragment$onViewCreated$2$1
io.vortex.android.ui.fragment.VortexSingleStateFragment
io.vortex.android.ui.fragment.manager.VortexFragmentManager
io.vortex.android.ui.fragment.manager.VortexThrededFragmentManager$addFragment$2
io.vortex.android.ui.fragment.manager.VortexThrededFragmentManager$addStateLessCommit$2
io.vortex.android.ui.fragment.manager.VortexThrededFragmentManager$remove$2
io.vortex.android.ui.fragment.manager.VortexThrededFragmentManager$replace$2
io.vortex.android.ui.fragment.manager.VortexThrededFragmentManager$replaceStateLessCommit$2
io.vortex.android.ui.fragment.manager.VortexThrededFragmentManager$replaceWithCustomAnimation$2
io.vortex.android.ui.fragment.manager.VortexThrededFragmentManager$replaceWithFadeAnimation$2
io.vortex.android.ui.fragment.manager.VortexThrededFragmentManager
io.vortex.android.ui.impl.MessageDelegationImpl
io.vortex.android.ui.impl.VortexFragmentManagerImpl
io.vortex.android.ui.impl.VortexThrededFragmentManagerImpl